# JRE version: Java(TM) SE Runtime Environment (15.0.1+9) (build 15.0.1+9-18)
# Java VM: Java HotSpot(TM) 64-Bit Server VM (15.0.1+9-18, mixed mode, sharing, tiered, compressed oops, g1 gc, windows-amd64)
GC Precious Log:
 CPUs: 4 total, 4 available
 Memory: 3909M
 Large Page Support: Disabled
 NUMA Support: Disabled
 Compressed Oops: Enabled (32-bit)
 Heap Region Size: 1M
 Heap Min Capacity: 8M
 Heap Initial Capacity: 62M
 Heap Max Capacity: 978M
 Pre-touch: Disabled
 Parallel Workers: 4
 Concurrent Workers: 1
 Concurrent Refinement Workers: 4
 Periodic GC: Disabled
Heap:
 garbage-first heap   total 84992K, used 65215K [0x00000000c2e00000, 0x0000000100000000)
  region size 1024K, 28 young (28672K), 3 survivors (3072K)
 Metaspace       used 61920K, capacity 62584K, committed 62676K, reserved 1103872K
  class space    used 7914K, capacity 8154K, committed 8192K, reserved 1048576K
GC Heap History (20 events):
Event: 6.663 GC heap before
{Heap before GC invocations=18 (full 0):
 garbage-first heap   total 58368K, used 44690K [0x00000000c2e00000, 0x0000000100000000)
  region size 1024K, 24 young (24576K), 4 survivors (4096K)
 Metaspace       used 46089K, capacity 46527K, committed 46800K, reserved 1089536K
  class space    used 5741K, capacity 5904K, committed 6016K, reserved 1048576K
}
Event: 6.669 GC heap after
{Heap after GC invocations=19 (full 0):
 garbage-first heap   total 70656K, used 26642K [0x00000000c2e00000, 0x0000000100000000)
  region size 1024K, 3 young (3072K), 3 survivors (3072K)
 Metaspace       used 46089K, capacity 46527K, committed 46800K, reserved 1089536K
  class space    used 5741K, capacity 5904K, committed 6016K, reserved 1048576K
}
Event: 6.843 GC heap before
{Heap before GC invocations=19 (full 0):
 garbage-first heap   total 70656K, used 53266K [0x00000000c2e00000, 0x0000000100000000)
  region size 1024K, 29 young (29696K), 3 survivors (3072K)
 Metaspace       used 47322K, capacity 47781K, committed 47952K, reserved 1091584K
  class space    used 5895K, capacity 6065K, committed 6144K, reserved 1048576K
}
Event: 6.847 GC heap after
{Heap after GC invocations=20 (full 0):
 garbage-first heap   total 70656K, used 28655K [0x00000000c2e00000, 0x0000000100000000)
  region size 1024K, 3 young (3072K), 3 survivors (3072K)
 Metaspace       used 47322K, capacity 47781K, committed 47952K, reserved 1091584K
  class space    used 5895K, capacity 6065K, committed 6144K, reserved 1048576K
}
Event: 7.216 GC heap before
{Heap before GC invocations=20 (full 0):
 garbage-first heap   total 70656K, used 53231K [0x00000000c2e00000, 0x0000000100000000)
  region size 1024K, 28 young (28672K), 3 survivors (3072K)
 Metaspace       used 51597K, capacity 52015K, committed 52176K, reserved 1095680K
  class space    used 6529K, capacity 6682K, committed 6784K, reserved 1048576K
}
Event: 7.218 GC heap after
{Heap after GC invocations=21 (full 0):
 garbage-first heap   total 70656K, used 30095K [0x00000000c2e00000, 0x0000000100000000)
  region size 1024K, 4 young (4096K), 4 survivors (4096K)
 Metaspace       used 51597K, capacity 52015K, committed 52176K, reserved 1095680K
  class space    used 6529K, capacity 6682K, committed 6784K, reserved 1048576K
}
Event: 7.992 GC heap before
{Heap before GC invocations=21 (full 0):
 garbage-first heap   total 70656K, used 54671K [0x00000000c2e00000, 0x0000000100000000)
  region size 1024K, 28 young (28672K), 4 survivors (4096K)
 Metaspace       used 55980K, capacity 56498K, committed 56656K, reserved 1099776K
  class space    used 7108K, capacity 7299K, committed 7424K, reserved 1048576K
}
Event: 7.997 GC heap after
{Heap after GC invocations=22 (full 0):
 garbage-first heap   total 70656K, used 31418K [0x00000000c2e00000, 0x0000000100000000)
  region size 1024K, 3 young (3072K), 3 survivors (3072K)
 Metaspace       used 55980K, capacity 56498K, committed 56656K, reserved 1099776K
  class space    used 7108K, capacity 7299K, committed 7424K, reserved 1048576K
}
Event: 8.379 GC heap before
{Heap before GC invocations=22 (full 0):
 garbage-first heap   total 70656K, used 55994K [0x00000000c2e00000, 0x0000000100000000)
  region size 1024K, 27 young (27648K), 3 survivors (3072K)
 Metaspace       used 57475K, capacity 57943K, committed 58064K, reserved 1099776K
  class space    used 7323K, capacity 7499K, committed 7552K, reserved 1048576K
}
Event: 8.385 GC heap after
{Heap after GC invocations=23 (full 0):
 garbage-first heap   total 70656K, used 34599K [0x00000000c2e00000, 0x0000000100000000)
  region size 1024K, 4 young (4096K), 4 survivors (4096K)
 Metaspace       used 57475K, capacity 57943K, committed 58064K, reserved 1099776K
  class space    used 7323K, capacity 7499K, committed 7552K, reserved 1048576K
}
Event: 8.817 GC heap before
{Heap before GC invocations=23 (full 0):
 garbage-first heap   total 70656K, used 56103K [0x00000000c2e00000, 0x0000000100000000)
  region size 1024K, 25 young (25600K), 4 survivors (4096K)
 Metaspace       used 59287K, capacity 59849K, committed 60112K, reserved 1101824K
  class space    used 7565K, capacity 7741K, committed 7808K, reserved 1048576K
}
Event: 8.827 GC heap after
{Heap after GC invocations=24 (full 0):
 garbage-first heap   total 70656K, used 37083K [0x00000000c2e00000, 0x0000000100000000)
  region size 1024K, 3 young (3072K), 3 survivors (3072K)
 Metaspace       used 59287K, capacity 59849K, committed 60112K, reserved 1101824K
  class space    used 7565K, capacity 7741K, committed 7808K, reserved 1048576K
}
Event: 8.967 GC heap before
{Heap before GC invocations=24 (full 0):
 garbage-first heap   total 70656K, used 45275K [0x00000000c2e00000, 0x0000000100000000)
  region size 1024K, 12 young (12288K), 3 survivors (3072K)
 Metaspace       used 59630K, capacity 60182K, committed 60296K, reserved 1101824K
  class space    used 7610K, capacity 7785K, committed 7808K, reserved 1048576K
}
Event: 8.972 GC heap after
{Heap after GC invocations=25 (full 0):
 garbage-first heap   total 84992K, used 38636K [0x00000000c2e00000, 0x0000000100000000)
  region size 1024K, 2 young (2048K), 2 survivors (2048K)
 Metaspace       used 59630K, capacity 60182K, committed 60296K, reserved 1101824K
  class space    used 7610K, capacity 7785K, committed 7808K, reserved 1048576K
}
Event: 9.351 GC heap before
{Heap before GC invocations=26 (full 0):
 garbage-first heap   total 84992K, used 66284K [0x00000000c2e00000, 0x0000000100000000)
  region size 1024K, 29 young (29696K), 2 survivors (2048K)
 Metaspace       used 61453K, capacity 62057K, committed 62164K, reserved 1103872K
  class space    used 7874K, capacity 8086K, committed 8192K, reserved 1048576K
}
Event: 9.355 GC heap after
{Heap after GC invocations=27 (full 0):
 garbage-first heap   total 84992K, used 40165K [0x00000000c2e00000, 0x0000000100000000)
  region size 1024K, 3 young (3072K), 3 survivors (3072K)
 Metaspace       used 61453K, capacity 62057K, committed 62164K, reserved 1103872K
  class space    used 7874K, capacity 8086K, committed 8192K, reserved 1048576K
}
Event: 87.810 GC heap before
{Heap before GC invocations=27 (full 0):
 garbage-first heap   total 84992K, used 66789K [0x00000000c2e00000, 0x0000000100000000)
  region size 1024K, 29 young (29696K), 3 survivors (3072K)
 Metaspace       used 61692K, capacity 62200K, committed 62420K, reserved 1103872K
  class space    used 7893K, capacity 8090K, committed 8192K, reserved 1048576K
}
Event: 87.820 GC heap after
{Heap after GC invocations=28 (full 0):
 garbage-first heap   total 84992K, used 40552K [0x00000000c2e00000, 0x0000000100000000)
  region size 1024K, 3 young (3072K), 3 survivors (3072K)
 Metaspace       used 61692K, capacity 62200K, committed 62420K, reserved 1103872K
  class space    used 7893K, capacity 8090K, committed 8192K, reserved 1048576K
}
Event: 569.587 GC heap before
{Heap before GC invocations=28 (full 0):
 garbage-first heap   total 84992K, used 67176K [0x00000000c2e00000, 0x0000000100000000)
  region size 1024K, 29 young (29696K), 3 survivors (3072K)
 Metaspace       used 61801K, capacity 62328K, committed 62676K, reserved 1103872K
  class space    used 7893K, capacity 8090K, committed 8192K, reserved 1048576K
}
Event: 569.615 GC heap after
{Heap after GC invocations=29 (full 0):
 garbage-first heap   total 84992K, used 40639K [0x00000000c2e00000, 0x0000000100000000)
  region size 1024K, 3 young (3072K), 3 survivors (3072K)
 Metaspace       used 61801K, capacity 62328K, committed 62676K, reserved 1103872K
  class space    used 7893K, capacity 8090K, committed 8192K, reserved 1048576K
}

